30629846
29817999
33733780
29740497
29398952
30745878
29740582
30604595
29340094
30005016
29131847
32959769
29710733
29579801
30297515
29986970
29706190
33509616
30843542
29708948
30278468
30160216
30335967
29303939
33942099
31363249
30108796
30965033
30987458
30700878
29600061
29509316
30010270
30518934
35302694
29826276
30110152
29738628
29517824
30379054
30039483
29719665
29457597
29966752
30808082
29861852
31348488
29800796
30478481
31202431
29439428
30316192
33783833
29868281
29958291
30373822
29537674
29683306
31578002
30201226
32001971
30445089
31164332
30064164
29467166
30604639
30190693
31390050
30838593
32093299
29492372
29918992
33502996
29391778
29807243
29812451
30773970
29709423
31182014
30062592
29758288
29393619
29684713
39826134
30130461
29346409
29539714
29566445
32827868
29590038
30337421
31129458
31311249
34412234
30217201
29794285
32991103
29525282
29790216
29475530
29818060
31799383
