3987035966
3949880223
4532862895
4220271498
4024814388
4302163697
4188001127
4043464093
4322152818
4372943940
4082416478
3994066926
4413718178
4039957049
4153171119
3975511148
4521173056
3963144805
4317504483
4248544184
4151917058
3771931348
4366376405
4234951201
4351560510
4299110329
3984866896
4397006178
4039719836
3902881251
3965938432
4336661838
3952228397
3994096547
4042119940
3912476514
3983737197
4552246584
4323903052
4004173621
4335652235
4034289761
4325178466
4180393839
4185712368
3846953833
3848624265
3906750639
4377055639
4303357932
4254233324
3745526225
4172634706
4372712313
4325978000
3876842112
4032850459
4413955767
4410529030
4016745219
4313345851
4487796746
4047780088
4388227899
4055643009
4298491009
4090221122
4428074139
4375157151
4041011786
4312773919
3627558705
4114142298
4543322758
4110689024
4334749617
4362070832
4335282757
4142210466
4516016904
4310285077
4232554499
4263427365
4618606147
4130965653
3972562780
4331174332
4576475690
4286247501
4054194104
3941131932
4280187731
4319959633
4285669714
4381064571
4227269013
3845042612
4127981154
4400801342
4033377546
4081272321
4138539140
4188722760
4181236827
4360140535
4109705830
4255058708
4272061085
4174448434
4213348456
4136646080
4283739307
4064968930
4103252073
4112359740
4214732238
4190990717
4207528562
4118846240
4055478327
4242305586
4217643443
4197024315
4050107066
4211786418
4077815325
4295009260
4081941400
4060836620
4269319716
4169137887
4159503656
4282181353
4239769205
3943033685
4109854557
4094573433
4051633557
4094733806
3880448800
4199879336
4230680496
4264480355
4268971314
4047699228
4323718937
4134421132
4127877245
4162770093
4284298745
4039514445
4143533379
4238797200
4349907795
4212671930
4169290008
4028645041
4099125506
3930496678
4110823464
4267738462
4176823281
4105601956
4153049166
4064031857
4410119700
3866141854
4033009882
3996111199
3941452219
4037599095
4251584511
4191566928
4172804085
4400237566
4144256269
4293396600
4326802226
4037390024
4131337236
4367464846
3982130061
3981014102
4103610756
4101025167
4057083671
4115239279
4149434236
4111927442
4128245064
4098953670
4195657987
4151920740
4165663706
4023491456
4294823920
4264024326
4053017722
4010774395
3913235336
4271013378
4165373538
