6591325
7432436
8780223
7620787
7192576
6569949
7795899
8137270
8219287
7755642
6931552
6320592
6286457
7036260
6256437
7266851
6691416
7924718
8895482
7796737
6987335
6545677
10091066
6940953
6631790
7206065
7164647
6668544
6893519
7600335
6061339
6620273
8971250
7446072
6448072
7669090
6327050
8330360
5890132
7779071
7390875
6335372
7232594
6912367
7862475
7863329
7201177
7365299
6566680
7053491
6843942
7306422
6353428
8899358
6858341
9741506
10954312
9412471
7677990
9740657
6538290
6952022
9575414
7149353
10116495
8839561
8083910
7251427
5612761
7596466
9172757
6194383
11313642
7401675
7026259
7339453
6484305
6516871
6563732
6820809
9010378
6527013
6512567
6675729
6488552
7587878
6035565
6739902
6695879
12150108
6844148
7366192
6236385
9227416
7067529
6597713
8896156
6455554
9354336
6587981
8758964
8100262
