6623689360
6577451497
6790771673
6758173263
6581676660
6750041252
6583180660
6650149252
6632038366
6747783445
6460629045
6767573696
6336932226
6591104186
6491717519
6710698730
6737091807
6735765733
6474082474
6425050237
6496660943
6633506488
6535968205
6388704245
6477661062
6630062829
6680471738
6532196824
6410296535
6839158022
6912768566
6741955471
6298706134
6475329774
6624039584
6450611963
6814628923
6700603384
6511185114
6453678260
6319278870
6408210747
6708877226
6601245861
6794183099
6522136122
6421778153
6384294265
6494185383
6346466218
6691550646
6672822659
6559748769
6373224548
6743982282
6515345305
6884565850
6621636244
6539020733
6712948195
6608176578
6702615663
6585292637
6529012262
6698200897
6523837324
6391338089
6735840671
6605623148
6493119614
6484431486
6723922739
6580712569
6415478721
6513635458
6504460398
6539774064
6538203833
6521391676
6592532821
6772614728
6067169254
6570639438
6593497620
6753623296
6846244224
6605554547
6412133738
6630233905
6400008421
6617751537
6706168532
6332830245
6479698883
6573399192
6607871407
6781952215
6820080671
6669757978
6716745213
