323790417
328479705
325219195
330217869
331272377
334723693
325590625
316867215
331613880
332496581
327635338
325553225
320213287
326989889
318957132
330015481
321281653
322986262
329708870
325969862
321524302
322638416
341453038
321920924
332215265
331776355
321504035
318673368
339794869
329761847
322242419
331185954
327034236
326325177
320276310
328822537
327761007
330952876
325617028
326424774
322742425
325075735
339375395
333863903
325974687
327553815
326182648
328252425
321826458
323636304
332143259
335735235
328387805
324281580
323581063
324610355
336048185
322878825
327244276
327722040
324084216
333070750
332518566
329086080
326013305
328121986
328763576
325930060
327309140
324368357
326784284
318366257
326370275
331358372
328214297
328464178
318283414
334390765
336313406
329174751
330748791
329419669
326886658
332983756
327609803
326262635
327930242
326711208
333386754
327742804
326326296
324721706
331182429
327870766
334535050
335168736
319251815
332006962
331172724
348626315
334697403
325532553
