1537513
2202403
2421943
1812100
2268461
1885057
3444531
2035903
2498210
2447851
3678318
1648915
1865769
2256757
1935622
2854278
1662288
1978783
3550523
1833137
2621487
2238182
2016032
1751718
2309074
1762851
2088741
1857058
2223216
2191969
2126646
2535240
2546848
2265342
1785553
2211775
4485276
1835903
2449868
2871183
1700653
2664802
1739056
1572813
2952687
2258470
1746002
1971766
1643557
2827683
2779913
2163437
1703155
3192478
2258126
3099048
3418388
1668848
2799387
2997774
1796754
1750163
2754338
2199095
3253396
2271425
3854495
4598650
1760480
3107246
2590712
2212405
3458401
1732920
2364812
2591121
1559668
1934352
3385271
1895392
2955232
2496440
1660551
2226126
2130176
2012045
1754453
1778084
3034855
2122739
2072846
3572795
2141411
2354542
2177738
1750138
2304480
1762517
1731072
2012498
2182798
1725849
