9755013926
9064219017
8733023477
9180827679
9098160463
9413589014
9038524122
9097614741
9266175645
9101783438
9285590247
8858758577
9421510394
9053798308
9127978096
9420197831
9575514131
9575972541
9053345043
8845131707
8874170790
8926934194
9174865157
9152197887
8521137168
9969382020
9426797476
9045548091
9097895432
9685862181
9398665631
9060405975
9040716291
9264107817
9005206557
9458537812
9032336725
9203204457
8936716113
9224248659
9154644476
9061134422
9153393235
9249939585
9075349101
9047455995
9499011538
8988845487
9336736390
8889001710
8923755478
9231996817
9015937174
9183504307
9456875367
8993411173
9377702560
9002037843
9068680904
8624497121
9079634822
8809421155
9014627254
8860513092
9073132614
9660417477
9209004789
9135434660
9000466060
9109517511
9466870816
9079246587
9114941054
9072678074
8827376160
9145195531
9012345201
9106676053
9141804355
8819208496
9165973360
9322006851
9395121641
9156405209
8943565394
9265312888
9074408195
8831760266
9287698815
8927461921
8881720622
8975604984
9016379544
9621282416
9923428472
9411962675
9046772526
9449951790
9035923978
8995704934
