11962618303
11616460613
11826699407
11564608593
11244819559
11618810756
11692244554
11704480734
11657537361
11682760464
11435956766
11741086290
11521405199
11709485956
12042463420
11908998335
11625682409
11906863117
11735594200
11786755606
11647428901
11350524899
11723284023
11517375969
11868616498
11613879465
11422797483
11717923748
12055592285
11694211397
11683877429
12155670685
12481890245
11714661954
11646653537
11499537030
11858543772
11896586631
11668776726
11955764432
11345241900
11680627916
11270719534
11723318402
11761546783
11212622668
11595757045
11553823487
11826913767
12094884280
11266942351
11254784097
11478977666
11545095373
11820680339
11600084143
11445902776
11659690980
11386458517
12413969123
11768697010
12032183389
11554387771
11653841158
11409586564
11519054008
11496157555
12377082632
11657550767
11444199039
11448256713
11717780372
11682049517
11937774540
11687759907
11653166135
11588091491
11850151219
12333887160
12052831372
11310927545
11970180123
11920039131
11564771843
11859447760
11502209059
11794481752
11649842073
11517236966
11336933029
11688179812
12288944730
11574805416
11333817545
11308033099
11680751011
10399648576
11965431654
11716168318
11563477680
