14773425080
14457616225
14084145218
14478573644
14187165413
14331405444
14016979021
14933233071
14234871619
14574415287
14919026764
14004732004
13737985358
14797336240
14051357053
14355462962
14565506827
14598454287
14640709828
13936329955
14620216107
14240203951
14172258139
14136658002
14149047205
13897863342
14853618731
14832571126
13384794954
14155474422
14181649617
14702427861
14839633387
14364931453
14360218619
14502694039
14247106362
14440337114
14672469874
14991173398
14227208852
14349266980
14417539083
14213050414
14410544472
14843932512
14929754123
14509958042
14469554830
14451999051
14497521251
14486076779
14146497519
14666375955
14349955862
