159924260
163878796
162074615
156064631
153534820
159439075
155652847
157362180
161457147
158609755
156132750
157577008
159471774
161211984
155568326
158781965
153438210
157193053
158407631
169052439
154093090
155047671
158321485
158790403
158368586
156605565
156778816
156158132
156808974
153108014
159495219
163556878
151902781
153481722
157072145
156453907
155754657
160301002
152621381
153596940
161466742
154215114
162547500
172590566
155272484
157465176
154465121
158276132
158607080
156188774
158363129
159195493
154624677
154414484
156719589
158605133
156262259
164191672
157590489
153848378
154417356
155807378
154632884
159707040
157366187
158874236
156461477
155144840
161465113
164497156
157624268
160286310
159885478
162495150
158704144
158182481
159843335
156690026
155609517
155076179
158911144
157202609
154985472
163145709
156739387
154440321
160149538
159201048
153604270
165077496
161418824
154191950
165573765
157090592
156812978
153642302
165025277
160032338
154401662
156025345
152805676
159733467
138864707
141811645
143289499
151405240
140305126
136467740
166679526
143555086
136423882
144906347
142260749
147281585
135672380
140007808
141482966
135783986
146716989
140508008
148759839
141734651
147659054
149789429
154330016
142215268
161644450
150414356
146055247
140893238
139544432
155499804
146319998
133847507
142328623
141861765
138185411
141171243
146289372
140666511
138747215
148910793
151130293
141055995
143396062
140116919
138098493
158327920
147488478
142328120
146985712
145579701
147082755
139181433
147163189
143035354
142878020
139703262
142354273
138686540
153176284
134753684
136012666
146562727
145532013
138919737
143356250
144228501
143575994
135108327
134640135
152047422
142051466
144667427
164361900
140490089
138621884
142883284
135960932
135716279
137601179
146745475
132601133
140429022
136944864
161864789
143328770
150099178
140049630
139821620
145556319
138324620
142071471
136344353
138822097
142331030
141328238
143579558
147273395
150681943
141726369
137181480
145226788
144499374
135609939
140117049
