14704291
14594987
14989949
14941948
16481121
14685765
18788475
14612377
15526498
14517890
14612401
18497941
14930515
14411897
15224084
14837139
15090826
14707930
14963653
14979474
15011639
14459822
14017774
15268936
14947066
14481968
18841292
14514772
18651644
14709276
14367855
14619708
14347494
14354985
15306384
14693411
14923658
16590454
14712085
16406042
14807090
15048234
15016650
14689097
14261081
14319273
18723947
14469147
14744444
19248678
14716956
14612747
18503639
14781248
18660852
14658027
14669033
14614107
14767605
15046476
14706558
14825941
14889846
20714857
14362088
14430342
14552381
15246199
14337713
19261726
15171318
14494456
16205881
14452585
14416363
14864751
15169689
15299908
14584930
14508620
14998870
14592457
15184254
15028269
14683834
14913131
14259044
15398591
14638145
14629103
14807132
15611432
14610646
14291590
21214731
15034820
14633521
14742160
14512146
14697875
14397775
14808176
