1638220150
1811815377
1905509569
1783135873
1782539465
1890195475
1693420352
2045637560
1769713677
1783595327
1648866746
1652414551
2069087242
1908311653
1970207713
1718393228
1834997930
2068160721
1778289046
1927060711
1805721215
1927320887
2037345471
2036747691
2006185943
1982217252
1737866665
1917944336
2081993178
1687449074
2043103506
1910546678
1778851305
2040699532
1755058206
2034113960
1677795455
1990142164
2030061787
1698146817
1812951596
2022095555
1915712288
2048467040
1775480938
1787957500
1758988277
1826577533
1842568587
1826452461
1765933519
1871028161
2038987134
1786910524
2087691686
2048285136
1623716752
1753746405
1783391661
1721828593
1823022851
1836347736
1703522743
1649572859
1759527848
1639142139
1734291730
1754964736
1798717679
2014061498
1820336634
1738644673
1751855286
1798455305
1716086681
1841779071
1744793996
1868088544
1766392226
1774774434
1706892820
1999743882
1722069509
2032672404
1731443604
1818411351
1785347072
2003514181
1860261226
1774073625
1767645135
2081120158
1847608069
1872054935
1898518944
1738607346
1696069627
2082798903
1846154822
1973306883
1788263058
2046858803
1880264070
1808615120
1849991390
1802181114
1765738819
1821351329
1768101792
1819437908
1777968237
1787121249
1798566377
1740921708
1900076370
1853518188
1841972686
1882306043
1860821099
1790526141
1782821788
1874333800
1782533775
1836035970
1785774274
1859795890
1769651064
1834376393
1813161482
1860123631
1918558774
1769994921
1744056555
1814471011
1808366263
1831107239
1839105712
1832879215
1913353868
1904098547
1939156831
1886493735
1884256232
1805984110
1890989776
1963995397
1862136597
1777816813
1752676436
1743823192
1788403890
1822823478
1909450227
1907155318
2198698760
1839487775
1907023485
1801861503
1938011482
1826673327
1863658142
1900267578
1803183628
1833537658
1843709507
1847146588
1895023731
1900507867
1805976547
1897224103
1888737187
1945900933
1797757025
1844087665
2112264385
2059239570
1796410912
1795208203
1784435842
2125616788
1964939562
1873397399
1825329644
1902092746
1995695499
1827763723
1819836562
1899140252
1827199656
1860903066
1824763329
1864444321
2026772715
1837166017
1855773560
1872833222
1876868382
1842354641
1862296144
1909770023
1964706886
1801033601
