3290687
3198969
3182267
5246983
3318273
3218386
3131241
3415066
3030551
3644628
3105328
3190055
6534266
3263109
3430783
3245559
6386333
3348228
3027026
3119976
4979052
3071655
3273541
3035954
3056390
2947070
3190416
4986941
3629435
3528389
4930260
4389649
3694869
3416950
3384640
3040581
4108873
3777653
3597071
3316447
3113272
4915720
3355156
5454375
3939482
3110525
3109403
3140315
2919552
5999412
3680139
3429576
3675844
4205773
5080063
2861279
3224300
4018140
3666220
3098097
5067665
3257640
3398310
3005069
4015140
4548628
3179953
2943903
3812964
3708993
2961450
3034157
3017222
3626261
3581712
4211731
4049219
3178292
3308543
5479611
2961288
3441693
3033489
3102530
3725857
3494253
3108580
3605340
3036187
2437313
3067207
3442966
4119868
5094002
3531704
3393108
3420810
4496525
3678846
3066920
3221665
3430411
