62681872
64566528
63999973
58002266
61505741
55422366
64175784
64787440
51309499
66144393
62025470
62968997
63463345
65725615
61730591
62423151
63415631
61547574
62090918
63058196
64761487
62714145
61785648
62106539
61889996
62483226
63134064
68541123
62744749
62336462
63086195
64627900
60782460
65492937
63297059
61820782
63446772
61466686
61960067
63019999
63539871
61980628
62170549
61250489
51411309
62967576
62229106
61207329
65503250
64761821
62793949
75233752
62624357
66034471
61771051
61710396
62038728
62464708
66654572
62892362
62030763
62685250
65194949
62587419
63530828
60158752
67051654
66252705
61831551
62778142
51811972
62318959
67450755
62684516
62913538
61841531
62382347
61630802
61409751
61651180
61241818
62471408
62385193
68259516
61251863
62968409
63017402
63509209
62768679
62033943
66138597
62394517
62838650
62572501
61580051
67382083
50576119
61906628
61673955
62460999
61838355
62646731
