3427608344
3509601897
3560745438
3431581667
3231347765
3783943152
3771767708
3747405239
3095990767
3608867758
3374902522
3499009751
3671618851
3575898193
3612370036
3548909809
3572870250
3333443308
3217034767
3518671036
3805701407
3141900056
3585524333
3225537480
3476800017
3310500621
3344333497
3338122719
3532590117
3335223264
3563620545
3474218861
3474124555
3587645235
3274991058
3571281044
4076914629
3494298896
3413231684
3211061913
3527254430
3426276038
2908404968
3504118989
3768924439
3424784920
3501185147
3265951832
3536278031
3606415281
3462342336
3488614328
3506862751
3197005065
3428162189
3525042909
3373442921
3419874670
3431299429
3221849117
3633811097
3038260311
3496304733
3698273939
3446848848
3263658155
3124359502
3443203544
3458543639
3087338262
3404154562
3283480391
3561751468
3275867019
3388079470
3559260727
2972001995
3448126068
3458979813
3765634753
3441440411
3376302968
3349337660
3524943493
3504899592
3554365533
3224845325
3359675035
3496803341
3074783937
3482374820
3356446139
3679947920
3529234053
3420833701
3109389223
3424125975
3534814374
3242151963
3494556755
3271422524
3497356764
3272308059
3129394538
3369068534
3244996868
3248487294
3252197322
3464015806
3552192809
3231852871
3619399754
3435975831
3286879333
3354001453
3417828885
3281982258
3272112460
3440385513
3369911974
3338251505
3292853047
3361826161
3358597133
3397070114
3412242466
3454942436
