11516306
11712981
12424049
11855702
11705269
9611761
10233445
11019036
8042910
15155222
11629835
9978218
15241975
11243443
9736581
13493617
11031898
11875932
12121285
10870952
10253410
12191490
13633365
12196926
10836685
11533488
12369628
14463554
16599908
20293012
13651510
10527606
17749211
12219655
13284859
13257175
13823037
10918226
9880598
18709567
10555683
11921596
13419657
13076722
15343482
13802461
10757994
10856449
10494381
17599871
9671684
11062077
9751536
9173868
12104122
15187511
15291904
10662195
13839273
11752515
13069572
11232491
11011031
11809758
10505488
8916540
10533086
15127717
8172331
12699285
11307382
11740090
12247160
10101047
11014748
13747037
11210383
18082776
12118707
9956684
11521935
10859768
10834058
13211433
12585286
12468249
11194931
14127401
10696376
12590337
10629222
13431256
12206914
16282550
12283340
11966330
11816203
10559325
12909442
9826265
13342808
13202407
