311848032
304672361
311078755
302951431
310375360
311117865
308134587
313991727
313146111
305796404
316805719
309165458
309088307
313991740
311409462
312210977
304827961
310248101
305586584
305787911
307880334
310771477
302988194
306623123
305768820
309695116
306099058
305657901
306141930
318223506
310642629
306522696
309303009
306732986
306047380
305380032
306721067
310129649
306504164
307537962
304443285
310588881
303343685
308124064
315238462
305160232
309372144
298942216
310096693
304596333
307476187
307737283
311763166
318779567
315100171
309951478
305875120
304422556
317464666
305291491
306422709
306334570
304400215
302780768
307011136
305888648
315737121
306199658
307195553
309471177
304900918
315827903
302425300
306169586
304161275
307004864
305709562
305722560
308544296
311716548
306865623
305076110
305159791
319016999
312479350
312198632
310539652
305215425
303886312
311639558
305128895
308785694
311298622
306739855
303389062
313872181
306807661
310293418
309244052
311027864
310141407
310631969
