3147886
2658885
2707016
3197087
3783984
3972621
3343087
2291379
2584512
3403569
2405377
2726599
4133435
2460653
2567198
2763252
2542483
2532435
2288818
3154516
2855235
4291902
2791238
2289755
2075226
3186343
2252540
2298088
2296583
2801680
4028674
2339427
2924701
2242026
3057532
3751908
2517693
2242584
3947957
2348607
2381192
2520461
2432342
2336830
3651110
2931142
2304576
2287679
2494029
2292090
3664671
2453545
2281878
2426945
2302179
2953844
2518706
2410174
2381626
2417384
2529247
3461714
2230328
3454444
2241974
2500709
2462616
2240730
2386881
2376537
2612047
2684331
4925392
2856267
3037975
2531207
2230400
4553983
2264670
2731973
2268192
2331897
2616304
2858118
2307388
2523823
2214538
2609482
2488918
2821163
2776135
3027144
2597798
2343443
2311752
2476221
2428407
3580029
2493972
2639066
2374837
3991601
