162217769
161595146
159317273
159196121
159765431
161540897
163380710
156109919
162355435
160880207
158208763
168281240
160538859
160295538
157677259
164084022
160367158
160576882
158121453
157867277
178211793
160847052
164824420
160825218
158796942
159357849
160197141
166177596
160179956
161099463
159309139
170749512
170725233
161617000
161361608
157644123
163047942
160749688
164159645
163508217
166895217
158938044
158335879
163190492
160536201
161584398
161780174
161616038
156386298
165809737
162032409
159256773
166127094
164264619
159111954
162993088
160560724
152047652
156868092
166287884
162879159
162911214
160334962
159320533
157592371
161099019
163375500
160840807
172804212
157152481
165573061
158747890
161575003
166666988
166218225
158182992
161144812
164901012
161328356
160018128
172691697
160768055
159107046
161934884
159728315
163754602
158473327
164098984
163155314
159497012
161469555
158508970
164030465
167042490
162621059
164183557
163239424
166057526
157739431
163596921
158849575
168817731
