37489389
39160541
37438494
38384099
37953784
38245726
38709909
31884267
44753220
35645680
37035754
43545050
32143347
37850062
42297477
37861746
38409690
38134305
30684762
36944826
37409198
37863530
36349184
38359568
38690301
36321542
40476228
38597226
38467499
33188540
38804990
47248139
37492366
37398944
37882372
37792852
41184053
37536899
37816752
37212733
44487712
46681896
39449218
36261884
42311508
37856536
36313700
32274239
37875672
38030190
38385019
37771854
37403367
39473971
38078520
40195791
30697280
31845497
36849274
38158151
37762487
37231158
37705149
37920921
38135113
37919261
38011917
31057563
38284824
35938674
31112851
37065623
38270698
38325432
41433097
36406148
37143116
37266466
37736044
38402965
37462080
36689256
35073383
37873574
38353855
38492501
33254397
37835842
39574019
36623866
37699139
37105748
35450407
38727724
38033717
35469515
38774239
42634349
37590918
38948939
38836555
35937135
