1643577757
1559123246
1515180512
1421992956
1575541912
1610786395
1706563399
1643293607
1495729707
1573063626
1687963523
1795087386
1718798993
1587123151
1493479855
1751603182
1542916356
1389136389
1683066318
1455800000
1512744094
1717439873
1602024607
1634166273
1404035997
1582719250
1786402792
1724498617
1697670549
1470954793
1577413441
1710938328
1579078549
1481022637
1505521989
1499005420
1544281509
1736904148
1591336086
1443976040
1706953435
1400363712
1654825283
1601709244
1628080563
1585522682
1705849062
1366582612
1478664786
1729951721
1772211114
1959400168
1767148390
1728822518
1724946485
1476019724
1625346067
1502786394
1727793620
1621529682
1554155800
1762049156
1775946722
1714288567
1796129602
1601907041
1653154409
1763693380
1689910960
1589924233
1651501511
1487014156
1494860151
1715872913
1491612181
1647525882
1421940993
1704709379
1484816554
1471285545
1624268220
1552052962
1584123837
1572113102
1575427908
1633495426
1713020252
1490010969
1702160660
1507407683
1742431290
1692236134
1595503121
1582168829
1623431752
1690302726
1804513389
1814651245
1395013644
1686796979
1545251870
1610137849
1610821707
1494875402
1501773257
1496624401
1487514539
1591674123
1515455147
1505177964
1504814729
1745680588
1499250836
1539107420
1465358816
1468062663
1670190016
1495431046
1468172833
1526138211
1466525541
1497979388
1621991166
1465999218
1669659000
1521893712
1523520766
