5329750
5239511
5355232
5945462
5452376
6331173
6518570
5416593
8544685
7139794
5332238
5404280
5579875
8974554
5421451
5326080
5327917
5723794
5486667
5455428
5558633
5233907
6397255
6334277
6228192
6393861
6391525
5646881
5358792
5902834
5253212
5382405
5385738
5802043
5409933
5790531
5413950
5419464
7300370
7237871
5297748
7095233
5748735
5385750
6822483
9699578
5390100
5460946
5792463
6857564
5366754
5368683
5436823
5331882
5172062
5255560
5478339
5418342
6637312
5619785
7586121
5944679
5819440
5377159
5514059
5380406
5015034
5269117
8132598
6709022
5501997
5370947
5887362
6823588
5469523
5739538
5432492
6295891
5872439
7013098
6067686
5336284
5371875
6781116
5498120
6666605
5634785
6026379
5348636
5639493
6825548
5487085
9189345
5974857
6034147
5482209
5444031
6166791
6653883
5423615
5451192
5250083
