56612617
48850634
46131255
57999209
51603781
46179179
54585395
58254577
49162148
51021839
48858921
47966321
47808474
50314614
46660911
50899020
47780160
52757390
51094461
52713236
50693261
51935873
44769026
47711340
51443862
52373221
55987155
47432564
48444097
44753207
50417588
47742259
49550270
48619046
46884637
48319033
49598085
47386679
52278959
49728437
47648530
49672587
47507889
48817023
50803971
47163863
49934501
47408017
51258830
49993696
48947084
51236079
55338437
51938601
47517663
49304589
49092012
48684606
46848201
45699312
50020353
47182875
46922078
47626693
47698864
48237976
45965681
45701344
45485544
48266984
45261842
46563604
45199999
46031801
48043425
44786775
46809353
48300994
45731280
48046635
45755747
46410268
45842531
45384891
53489541
45198343
47888432
46222324
45334146
45639890
46602264
46676591
52248834
51303539
49044777
50222442
49699001
48325476
50487592
54544981
52836785
51265220
