13167741531
13334158043
13221326826
14052790643
13999231024
14286343092
13423469078
14174629110
13659581514
12489100349
13205624403
13833207272
13932145999
13177689115
13646183888
13528141867
13589899534
14335716766
13619587416
13221435807
13373633051
13393244679
13787226394
13161866738
13419069017
13002094919
13496955795
12717535109
13341051739
13484739683
13553221275
12413990462
12707357563
13663019174
13255863889
13494845256
13270348544
12408554084
13096789574
12963174727
11986045332
12497191441
11779254538
11931914164
13321071429
12210420985
13494763627
14028304369
13627586961
12990997418
12888074845
13252586836
12904777584
12459319706
13701367549
12198841225
13067722791
12086948730
12993647545
12134609196
12512270213
12104479486
12667757732
13223162858
13294965179
12562800664
13337365586
12389791908
13560124244
12680167217
11534210766
13562684006
12371980180
12461204659
13498077470
13195185107
12127547541
12970479954
11969158407
14035542820
12998272501
12784403145
12379540686
12968434746
12849165370
12742097046
13786271763
13729803839
13916095252
12477743727
13506573681
13528742082
13356017992
13411085005
13139880416
13104075870
13925689629
12451953184
12377393753
13553485116
12956556043
13950876018
12043904138
11869603160
12224811823
12118348529
12806609988
12547774804
12474295598
12293053963
12085549432
12008732739
11649544585
12533297189
11979054711
12073440165
11958644074
12276700810
11828579598
12829233944
12870103338
12812434197
12477567402
11883012117
12021010605
12015196835
11580652525
11851934892
12641551254
12504514710
12188742514
12614629380
12517859481
12485863983
12618588617
11735189686
12580771920
12052852102
11857834877
11698101336
12060611479
12593781614
11871205761
11888839979
12553539594
12422322442
12072585576
12795506927
12925835538
13001347513
12105493315
12015870818
12861340941
13058351621
12286328033
11791529061
12597963035
12616980116
12145681501
12046680035
12627089867
11703364527
12505644783
12768420929
12574484206
12407276839
12187884837
12960392509
11918252804
12815227264
13481090607
11808926481
12879275408
12120230357
11968321665
11830749769
12249028282
12411571629
12061061508
12567318332
12364223417
11732525640
13047867033
11994280428
12582654328
12611076109
11943488396
11634089260
12610645554
12577535780
11614563997
12011917955
11818630848
12525383029
12679975934
11917428707
11764586739
11948933062
12508120440
12301709859
12880227891
12711313458
