10456835
11746024
11792368
10339419
10409389
11690358
11412466
9716211
10826792
13274110
15165792
11299839
14507959
17588006
10536458
10756304
10417551
11803799
10125976
9980019
11241414
14638260
14847699
9954453
12678058
9057807
12747254
10205586
11071843
10294043
10855210
14810699
13358263
11270661
14409080
9840880
14787890
9567793
12330084
10223845
11113906
16326127
8983524
11203807
13003088
9363181
8972461
9211483
11532212
9942626
9921976
10171507
12522269
12460891
9700606
13330135
13855654
12764137
13224122
12734802
13120301
9386826
7869737
10858501
9726345
9389228
11001101
16556090
9887767
10771680
14198512
12710428
9818347
9705369
13569999
12335830
10518262
11855412
12739731
10877978
10143137
10939690
12592812
9910589
9173679
10946558
11576392
9836910
10320841
10682766
11420667
11866800
14915283
11180709
9745108
11896850
10385424
11712821
10515940
13590842
14298861
10908809
