20272594797
20502801827
21247371150
20164725931
20796042262
21364449514
19851629885
20470962670
19925143009
21185123448
20724725996
21515269782
20815822456
21084052627
18758944678
21537321696
21111702432
19722248830
21360656128
21208336590
21123361007
20906823285
20201532592
20379361182
20090259502
20480656957
19305299003
21417399636
20547801293
20393546066
19734302998
19722717867
20870627697
20888122993
21136996560
20919255920
19787966226
19344485170
20114974049
19788268060
20155347314
20029578115
22171874042
21104651246
19939476871
20240738236
21439291236
20474720115
21289189413
20061176474
19691761616
20138784212
20238000441
20604698171
20063205929
21400638985
21326639620
19422538703
20159859116
21166016147
20820777525
21549179942
20386270188
20759270799
21329689977
21633014373
20264372923
22758593978
20276933718
19085569091
21280092195
21489327317
20017534549
20394095947
21791820678
20908640474
21161110428
21584939959
21093140154
21467018550
21382909705
20628179967
20751321169
20375533734
21566986448
20234110372
20602868012
20741279674
19925354957
19999906272
20794981616
21485738448
19700867796
21520236279
21160177436
20577383129
20069386416
20671944907
21303641348
19484817307
