710701914
777861165
674118454
694634882
665684404
670032558
697867078
670421662
686771455
667260602
656805716
662684538
668825896
668051545
666238631
694216154
739847361
660995494
686602076
657181606
713383163
735972354
626840457
657650889
590804705
632983643
636506973
630061441
626891917
676471861
628434972
688189159
613445295
655614524
654990001
652587371
640054202
647902776
657135302
642760760
666628040
689778950
665024121
650645491
692766614
712311932
673115246
643668208
757113003
682939568
666207335
687556017
680670506
712306168
651480366
678968693
677181189
697833871
645370163
690990415
653756782
676628329
679350330
682145459
675075570
667092422
676195697
677184333
736760533
659711246
667528818
647827659
672339401
663468370
656626694
704487434
680694724
661430243
656748329
665513544
650584342
667424200
659338783
646636342
674423458
664995745
652631869
686642368
649732946
661829968
645175585
699139261
647677142
725109761
663392252
658571338
671325159
672554072
642568613
685451118
672219200
661997046
