2908552
1051598
1296508
2099161
1879373
2025070
2069752
2720282
1381875
2204722
2861983
1227412
2007994
1450859
1898514
1402834
2825027
1697594
2062634
1309713
2281843
1495003
1672460
1359395
3598540
1409505
1348667
4014225
2874251
1382878
1385915
1963442
1810337
1692925
1689145
1426272
1846314
2268283
1800112
1501308
3466275
3282996
1538493
1513897
2846455
2084751
2624195
1583319
4202167
1739623
1535536
1709764
2147569
1390152
1911008
4094359
1363488
3057076
1611134
1433932
2929839
1516806
1641054
1379626
2741687
1871502
1504075
1593463
1494015
2292452
1389362
1725066
1896700
1628191
1455921
1292915
1617344
1789948
1627198
3500085
1647972
1432672
1725654
3263012
3547504
1493377
3581462
1493984
3884026
2470095
2143489
1578898
4174074
1448716
1456839
1571264
1537404
1657756
1931215
2740026
1497323
1836074
