27254594333
27681994990
27704334228
28826375513
29243370064
27466518014
27981914820
28059950498
28026963468
29139736688
28898469653
30022055955
27693108019
27538609023
30043198257
28894851670
29511150902
29316321639
27389923779
30085397475
27620486054
27821977760
28202884029
28585296541
29083759174
28261014626
28976589035
28854411700
27585324109
30637071653
28043708436
29084882407
28930064583
29695152358
27676239885
28553991478
29431555574
29057780262
27494316302
29892751650
31540027369
28649020682
27836565228
27792509953
29755005245
27989627418
28653439467
28028402914
27594162709
27554410331
29596420938
27953252190
28314564451
30008977594
29415977417
29614343908
27891250836
30296278892
29433230063
29069243509
28601483693
27907414969
28110473728
28055988629
28118468864
29572849429
28575194083
27944730444
28286161081
27958402646
28476332956
28163745723
28023051746
30701125049
27913352680
27938004636
29435275817
28110821697
27718437423
29102111368
29299924997
27973077854
28204501498
29190732417
28230009028
28315962846
28644525987
28230315679
28365541058
28150045416
29317287516
27932031561
27571842293
29758085085
28040860886
28206989500
27806747695
29030592355
27843858097
28421006159
