37835699163
37310866844
36907721507
36396130632
39028373698
41259650034
37481257183
39113900982
36756430954
36926010879
39993402858
36618561617
39606411439
39760281247
38028120540
37359627137
35961406314
38127452617
36788093038
38365325029
37307698623
37175065315
36947928564
36737639791
36931455143
38903065556
36982861415
36671350307
39076720543
37949024801
36574897124
38078018219
36429453524
36666555288
38780458072
35892740809
36625144736
36935950610
38266164552
36952761593
38251336144
37997813085
36320974711
36740541120
37402406176
38104507177
36546590501
36732524805
35458545283
37280384381
40254815541
38298569178
38627782741
36911848774
35465059773
39837728862
37378356216
38728897945
35248558723
35911949241
35982251972
36058293237
37586621458
35068479101
37562103026
37131015678
35984941458
37769346634
36765082608
37968921039
36815604319
37206996023
35872139237
38109340232
37435773766
36835972485
35812222512
37015680087
35553720619
37571237881
37711046382
35718096313
33869484958
37277020018
36049984343
37622166128
36393654619
37909663708
37924755286
36033875952
35682706113
35954530506
37236747392
36450806444
36005025702
37461507077
35957502646
39789571335
37151109056
39229229908
