48739794414
50186856594
49400628309
47932911510
46217983255
46036493804
46746446003
46065119563
49111313858
46923652916
45693812753
47183765511
45887007644
47220128912
45876502260
46806737195
46210501941
47139193554
45891261368
46941394803
48890418654
46873709534
46748185070
46420161486
46106552555
48202455149
47414878816
47575513387
48567541802
48775309455
47590300907
46974445142
46946028104
46086266475
48684411896
46234105057
46017330429
46401032095
48371906316
43125312820
45656012015
46812391918
47598740165
49012949007
46125874307
48936437270
46834517997
46227194620
46059066822
49064436741
45866824616
46484914388
45463776335
47237223683
48695216295
49193213173
49126884119
46371321671
47163344889
47100974661
47978235112
45538537262
45538854084
46400499717
45150164013
46553539583
46807391717
48726315307
45951937067
48449736888
46271750231
44957773989
47523446427
46535954921
45896222425
46464969512
46511334487
45811862653
46737186364
46789971554
45723614507
47077539224
47572866425
46820780031
48502189297
46530359448
45035444230
46317653968
46271015306
47499565078
46163555132
46152277884
48169917854
46256432055
45607334647
45822806028
45973271396
48197641528
44082251050
47568171687
