310075988
304975358
346645763
345152500
272007024
345161504
275964169
269910663
306633092
349109041
276624412
277180789
266001861
266549865
272663286
331071993
344461503
313003895
337872041
315051329
281125310
264926126
339931911
333718860
287686651
350161529
274778151
348049309
371547116
326763129
324600831
325649720
335949881
267385398
314845994
354850629
330836572
267562098
275532851
340564871
265956478
266823515
317142800
332255786
266244808
263451837
320298359
284127105
345165906
319103126
271123037
298007294
325625825
349357371
263023573
305764138
290579246
273507909
275530746
272117712
277446195
329597693
274571931
278124136
342177077
371910888
283348005
345345837
308347458
356022933
317639109
275995914
334662119
272961192
375775588
281495545
262682070
323072810
320843320
278500131
343631416
344656625
371991570
322121997
345236104
294735543
278389720
323548899
335291882
316836730
319420757
289513865
338227193
315346316
261405774
288541552
295057787
267296223
290035552
271357874
286614564
285145737
302460094
218461888
217746846
237509275
241107306
240399458
256299564
243291489
273044858
195694357
249503201
214838924
275988903
347123897
255908954
195270928
244164300
271188328
259278633
234283705
241248132
219895368
214663430
245841929
242835324
242139658
213585067
201647150
221984405
235964571
267525941
239432429
206103496
207962794
200355417
210509701
222337209
213682025
217382480
255702982
215579652
215011081
260108112
214061969
195364089
265286287
186689605
213834096
278298410
243787590
206973927
233845716
232482787
274709763
228097319
247554922
253925463
221589534
207798121
207518616
259187604
207962593
222223706
217909112
217906130
245715584
228269269
222712029
246314446
204564464
239332843
202925493
226950660
237516442
246348366
237411277
226516172
239984278
244208271
222770697
236851224
229129367
222761411
227885752
241932741
216759402
217208968
259320389
232818141
225559279
272981697
205024233
239695146
174251298
218047958
203157131
228653190
266752509
257561751
224132303
223046851
201141244
