27127419
26565340
28819883
26343741
27117751
24768067
27267321
24559506
26289332
30519674
27173204
25462245
27560963
25734290
24883119
24135416
41166082
25022238
24451010
26396073
26981989
24589749
25347876
33583663
30602864
27049483
25790454
26215799
26165599
26939507
32871524
26037060
25955650
24893097
25011383
26354675
25723859
28805871
28827380
28272097
25920942
29944212
26928041
28888648
26439925
27441023
27344985
25190807
25108323
29071159
29613322
27827339
27924997
26810792
26548260
25308254
27827543
40510677
24748671
32324646
28426405
29622804
26441727
25903690
27072575
24867215
25719346
26341376
38303121
27609765
25985672
26647354
30607225
26422954
24705829
27578852
25754687
24446623
24295817
25610870
24746901
25122544
23944822
24645318
25246823
26639054
25039234
27524298
26922644
27233260
26858096
27063519
26767945
24624378
27351806
25803474
26649419
27105728
24385138
25970272
26300069
27608569
