5481515113
5415501009
5112795551
5347949627
5433774084
5223070414
5398401473
5711636017
5354376005
5421796220
5358695491
5234043071
5518779207
5293571071
4917455496
5380620566
4979040891
5173870600
5382369013
5124704561
5465572947
4990172436
5473095037
5366283629
4923867267
5245658523
5240142604
5198506336
5360039883
5280506826
5453585111
5282047628
5311042286
5194695764
5693294196
5652808103
5337596495
5256134279
5396593119
5089757842
5223200350
5241718463
4988025900
5180655916
5225692070
5275384595
5238556899
5378610717
5409326962
5337275619
5598016475
5421182221
5310391218
5195090279
5049121628
5242223734
5159027831
5330220547
5400886946
5174858422
5356812816
5431287690
5391402150
5379005479
5122503562
5190247651
5510473634
5538119529
5411701933
5388185910
5406967582
5759891623
5070462524
5031232100
5271657160
5355488793
5352471455
5331026116
5356460298
5157242197
5416117526
5398035004
5133946506
5120289747
5321853797
5607258009
5341757654
5163360476
5301260945
5421457250
5530768041
5348186792
5321704818
5339827063
5521976453
5190316632
5199739581
5414571066
5006185222
5510528961
5537300167
5326884404
