4053969
6862115
4018533
4206900
4020141
4720025
4021883
6436137
4548979
4037275
4363712
4087959
5458089
7511303
3950538
7986011
4061798
3925391
4206378
4190668
4417641
4115742
3956144
5405521
6037924
4342927
4084766
4570935
6325003
4171881
3833079
4393248
4336881
4097272
4672484
5862936
4900152
4297561
4228793
4214371
4266763
5380496
4021453
4663183
4600214
4125415
4562348
4070576
4258503
4229084
6305597
6406359
4098895
4110040
4878016
7235738
7034801
4803414
5657113
3987197
6611170
5957607
3865095
4157184
5695432
4182665
4009800
4234201
6449308
4371658
4251800
3932023
4060990
4215057
6712173
4213384
3588562
4268129
4834285
6204276
4551340
4025885
5113671
7718677
5415862
4182227
5890250
5813470
3941975
4590999
4324010
3917145
5606815
4377613
4307717
6333183
4095400
4013379
5284197
4310769
6565019
4305818
