49812443
137063591
71298043
86367670
96483451
130787507
105143847
130161743
83435472
74742930
103762080
63690419
61175151
57908958
146617150
140305638
53244837
84444963
164056210
130860146
59019298
113682256
118577522
71670975
146800477
67214797
46188094
98727539
52326551
132993370
139072896
145132506
35150549
131628669
138016317
40747271
144291830
134258931
139997530
113623030
120604116
76844292
144514026
118085850
65177314
68208641
146950293
147649305
58046911
93287754
59952980
39482898
124367093
77093607
124570467
66320785
76156330
125603792
52446871
78056918
153053344
76707598
143989431
137479634
133635538
121434751
89662441
63905640
135957662
137057310
161760719
39503036
146315597
60708162
64683674
113907349
85544036
149437812
121480284
134092718
58424091
154378199
142650545
133078607
128660471
42468806
141784725
60427605
146299234
58807554
84142338
49308117
143339278
114678515
55077749
58364564
50840377
152416306
55151176
77478403
