4146422092
3881429444
3665189713
3889406713
3771104998
3696456930
3609259980
4029070232
4145651680
3923449773
4008832106
3639782519
4159997850
3623387219
3637429847
4116888523
3570927184
3872873681
3616746523
3208459129
3506960656
3972037790
3843394288
3810813964
4094693889
3460720646
4085427538
3643529624
3815477685
4038896832
3563958251
4208396607
3517265835
3984200319
3997170380
3959876862
4043947353
3841686957
3838569639
3776777240
3959714760
3535862596
3718339408
3971179547
3982416256
3614280801
4168896434
3839371454
3713892812
4047080884
3980106465
3965780863
3718500143
3567430485
4058159355
3906067587
3548399347
3568483456
4012606054
3495719422
3885985945
3508420109
3615925873
3861569398
3881439351
3921175965
3473019655
3592224280
3462452020
3589945272
3644777323
4047115229
3940953618
3838549120
3875826248
3827807134
3610941990
3925859576
3533152589
4179186670
3689971935
3554642882
3354859796
3879151998
3759743715
3592633226
4191921483
3597098364
4013354624
3696521238
4000022875
3862175442
3813305091
4063138990
3782894587
3160804813
3302074014
3174256814
2960712378
3198958967
