12535849
17611462
14487608
9132731
25683843
12966484
23206975
8499869
12736608
30998583
32907954
25717793
11369817
7676640
30963596
15889752
11678356
10132022
27450265
36997909
29339222
32497026
19558306
7998098
34803978
11655767
12403135
15491524
28755418
36730439
7234836
14603046
12574109
20858215
20768244
12167536
18389689
21316902
33644636
33706070
14863483
19097891
27761561
20387167
34531786
24938172
11578059
26769563
28708006
10898080
10384419
10868489
13920595
38436504
10151029
25722734
8901891
17883642
15478640
15942167
23474980
30817238
10300027
8818193
16050867
23812671
10496138
15431214
13892893
31761146
30092075
20970124
16927938
17418159
10176718
27025469
10657786
20593389
37261778
40112950
24797553
9543719
36535363
24042989
32555916
18693055
10156275
18993014
27114691
23030366
31524126
12421983
13962487
11657924
7645494
21240903
20914897
20748085
17064471
20966425
