314985573
303051006
397134510
314253614
301540620
247654959
319341893
302103732
311966927
302804220
318939947
364290170
308486101
329547489
330908213
326566918
396815167
340151748
281782396
299930975
319389439
459707999
344209254
332186034
337271784
319994722
334198522
316656560
339934286
340726139
273070319
295264913
299345947
277208957
252698027
280674298
282049858
359507911
332639100
355864407
306109394
264045221
355354098
308852208
348527083
411809982
355464480
316190186
335822939
421181303
370020442
459597842
396482789
421514369
336428333
385813352
422382589
430408301
352357231
314697875
315655029
382456369
391309723
426413697
313809281
347800346
330459774
274393769
277967821
343248242
301814700
371785602
309511260
330270797
461618404
354660552
418904886
290863270
306761915
327754453
320119372
357703881
273263369
363313643
304339435
314262432
408371538
277166583
321242783
323051602
440312826
357290361
323743922
319105438
350015768
367514960
351306566
332266045
241168451
322682483
