1700138
1754541
1624197
1253062
3132273
1822204
2327595
3128506
2440595
1912782
2006596
1735394
2048468
2231777
3066872
2938531
1922411
2875536
2004197
2601316
1544692
1366295
3152668
2092845
1989214
1878237
1765507
2623046
1851407
1853589
1718635
3071320
3019531
2228360
2117254
1831732
1812652
1720266
2220327
2838314
1943461
3024230
3180468
1804994
1871552
2205541
1698917
1879710
1761945
2091055
1806045
1862438
2313291
1917826
1776208
1790036
2073984
2106244
2378641
1672227
1875037
2437974
1924335
2121678
1834383
2016738
2534822
3118060
2633973
1948847
2528629
2190087
1467788
1997547
3223087
1980488
2008091
2039184
2086620
2062209
1816396
1799670
1755158
1782464
1849390
2303351
1555955
2247198
1845892
1762324
1753293
2364399
1860917
1771350
2225760
2864151
2106109
2573854
1843591
2107115
