188274429
236131558
221607482
216510553
161760313
287577747
193475533
162756001
269796511
210261604
281308869
233370104
194971125
174723579
190774302
173947633
167554218
273731227
186416504
175836596
227735823
187053747
256684710
187864648
266569046
165167270
211126368
201343883
230686028
151157680
219906897
209815909
227845063
294862928
191781802
217322812
156398879
183099264
267609940
241155397
199698355
280208832
206438473
218282972
173325139
193270869
169756021
181574928
138570086
132595842
179727891
178265916
147832393
132550628
147807890
145401099
223570742
144627045
144360630
139287726
139583391
136279127
165991797
146798260
222371118
134904534
134856235
144664649
149182463
143209443
194640988
159593692
276177669
231854531
223620082
205367990
235701268
270023815
304031780
267740124
228189592
160833195
171188048
185547443
190309428
247628076
229833036
256221809
218696592
274384256
137739422
262252471
215206106
200027780
196963146
267926642
161726941
245230191
263310357
287132864
134085904
138207879
145802844
179444600
138711637
221963316
136077037
134039480
144228032
140454393
175148316
138411165
133009376
141879006
141993010
131582775
145010784
167748191
202580746
208052088
164156322
150368759
177541020
213027758
152460999
