38098356
75754820
82740912
87722862
38086724
71437229
35810031
34789122
40732089
84658488
84913120
34858853
60793231
87735015
32439494
30140063
42676700
69951362
49444178
90432580
39805810
99279082
53334858
92686007
90591350
33774030
45133975
79023973
73587125
34450667
54248481
31626318
38289871
94759531
47082428
91473380
50845930
80776896
58321417
73404764
87012251
38307795
38115978
67397263
64734872
43113596
51967448
64390638
88549797
41274401
88409607
62053894
90039007
96051009
41129468
26182330
38734822
32060574
55463572
94460501
79647101
37054110
40162827
55744714
43503619
30459759
55599440
92761804
44062759
85120040
51486866
68659942
41850855
43499056
50343932
55007021
35965023
40033041
89246189
30844859
41225422
100909094
84128876
87285167
84189463
54665151
74672845
52953576
34303938
48758849
66117193
94881103
37094514
44204541
29985482
79652859
94249655
54011133
39855957
40747940
