1467106334
1861678995
1539876368
1715816939
1706604604
1636851841
1644197726
1666912784
1350226292
1707533980
1899583261
1534837085
1623344404
1584153085
1620515025
1828925810
1878199104
1988538605
1540761302
1541943543
1780191475
1673847137
1795299165
1706520741
1849457355
1782519931
1745859812
2076874687
1902660524
1236972738
1471440265
1339145654
1533509776
1845082078
1843500884
1736521259
1809969944
1502297516
1549254175
1535609626
1611374981
1741181261
1548408499
1775213903
1457782299
1935913804
1825499402
1582095277
1935596219
1979838100
1766215032
1802822658
1596067209
1804738850
1819111290
1667921328
1666975562
1974383343
1726803045
1647454152
1769533328
1829692807
1862922971
1629169552
1600379492
1878611100
1344117880
1479938698
