3563460
3835436
3800003
3553385
9575180
4737105
4034814
4804362
6736622
4111182
5292272
3950722
3787672
8103792
5979203
3800779
4893615
4002292
4557495
4861692
4006807
4687156
4239386
3899505
3804461
4282740
4395826
3742971
4045235
4225336
7091831
8675397
4786542
11994865
21745782
5232711
7132706
7659231
15113330
5219498
13410797
9111059
3846458
3599705
3202049
3718685
3910342
5154684
4008612
4150325
6540752
13100191
12311802
4850485
7242061
9100961
18056272
8705727
5846794
5314102
12390669
6729411
8100639
7162776
13576049
11458329
8361692
6219673
18288252
12854882
12158639
17896095
8833667
4789585
7162722
12988789
17753001
10862219
12818744
5881930
6094607
7371653
5750766
6854180
10440104
15989943
11587546
13496648
6926373
9614651
6623024
5464720
18609341
5713705
8122543
2987465
4808768
18263093
6101544
5137229
