44936186
43713833
42710973
43840449
43797740
50546075
41640855
45917280
43384660
40929773
35575966
43350071
42310828
40793396
41275966
43639839
41443705
42587518
55022180
61753262
44037816
40815005
69870448
40244622
43674742
44353152
41462390
41590807
40778970
44759146
40813961
52289477
43527796
43917209
42564191
42465748
42023648
42132054
42147770
39808700
44711933
36283248
39831976
43316579
42563240
43501567
40841754
42475510
41419480
43016210
36695433
41133513
44176223
40865541
44494723
43368253
43139764
44266489
37246553
42093190
43213418
70889422
41576929
43669386
52608338
43161345
72708153
36665548
36191600
43483203
40916798
50744674
40696719
37364756
41679185
70981199
41099897
43172931
39321242
41684834
44118226
41330726
44957350
45301008
43784383
47304440
36043247
42301566
39297074
44149279
43770490
44506921
41907486
43300377
42300394
49730130
45448949
51177509
40562276
41314278
43416331
72980349
