2469416803
2489017236
2708736191
2500482228
2561972038
2546804358
2487828087
2326591796
2808223183
2727142725
2557142386
2579849766
2597137583
2715593022
2333496954
2516102997
2335320361
2780631755
2528870356
2317873837
2535555483
2605649110
2541965087
2489920426
2411270904
2695512393
2597339670
2564661480
2933991257
2858665268
2577493437
2613550809
2769301246
2845982978
2595062721
2820492077
2758513363
2528027589
2488251873
2341482477
2694530790
2423005167
2621408996
2272568238
2528489440
2964189364
2272066953
2309465035
2606103548
2273410580
2733535715
2392937731
2703291198
2486214467
2326959147
2600093787
2594710096
2402429757
2530831130
2642872426
2364518803
2630788165
2424847339
2570629463
2356318885
2325549520
2545031048
2883556532
2682003865
2712595391
2329950299
2307006108
2593096832
2600100043
2596645940
2286831075
2598573469
2899837588
2557423677
2630732776
2792992340
2617893395
2426434616
2572188130
2491152972
2542513481
2668799997
2575358545
2771508078
2539515323
2742097569
2733560978
2404944530
2586642766
2630229593
2738070456
2448797170
2645058026
3007215990
2902413347
2314703035
2773026923
