13084645
6528508
11675664
6280433
8953717
7466729
8406298
9670014
7247329
7275250
6763205
6639808
7627219
8609015
7781391
7786384
8568658
9614534
7906529
7062253
8613460
7737663
6713781
8078038
7092883
10290629
9328965
6448423
5941399
5999984
6073058
7200912
6369436
6369964
7867516
12340725
8082865
7544058
12078847
9486109
7509375
7461737
6836202
8715562
7663110
8708752
7156199
8357889
6525262
6747363
6182430
7910398
8024029
9407387
8997175
6606626
8850311
8232422
6050396
8081382
6348156
8069330
7008242
8392858
7570944
7634659
7326032
6037112
7716099
7666386
7379069
7738982
8572449
7637588
8917997
7436330
6797327
5845030
8575319
7396559
7200807
10014779
7760289
8286306
7793040
10458548
7880465
6815554
7093515
8847614
6217372
7878934
11507915
6318592
7671089
7079273
6322533
8080045
5883457
7448647
8756729
8049631
