207059062
209251185
213223077
212433723
211349314
209190566
203330235
212665210
200083216
210432436
207228008
211370175
213375713
205154756
203583097
221703902
228205554
209210524
207438438
214158735
209002116
207192561
211106990
206227344
206414023
209685776
208164737
202856485
237298410
202834516
205367661
199731409
201483685
207936058
201890726
210815190
206621228
202671048
208529206
214802376
201731068
213727312
211652542
209749486
205373972
204009277
205035125
202118415
203352229
205353398
209389870
208701691
209035019
210692702
206510649
199847808
236940162
199701067
207574439
215153433
220793314
207158957
205201644
236519938
211209179
209360029
201894142
223237353
218438611
203249325
214186092
215540130
210316324
202578062
207476778
205981409
204038642
213017174
208311699
209092708
203102745
217190266
207802314
230280002
206272927
204344701
209246906
210651881
208455050
210694283
210815817
203433938
199739518
198249107
216093759
210278207
215907290
208363941
208672231
203061108
203471590
204887627
190817036
203243479
182363704
174520648
205612879
191764347
178261414
183416208
192127109
181602980
217400343
196866399
180074357
178847082
186236363
174786440
194725818
183675959
181956030
184951548
216580670
177987454
187994859
181024201
228646653
