1342829
2274087
3943431
1683924
1262624
1294544
2090396
1558504
1615329
1685013
1587397
1833901
1236439
1393379
1537267
1742850
1537247
3049649
1305059
1360528
1270938
1625802
1450912
2225170
1481047
1361536
1965120
1439357
1511038
1277859
1311731
940069
1306247
1545888
1229024
1856736
1791576
2842626
1330527
1649781
1995287
1200889
1244774
2075780
1371827
1319790
1706976
1431209
1338564
2525128
1664716
2198053
1914397
1384556
1659485
2080443
1317605
1290943
2933971
1454678
2058780
3219705
1574563
2288155
1434422
1349096
1306256
3246182
1259310
1263235
1782214
2060678
1350221
994006
1355461
1688907
1324009
1304249
1279198
1403805
1550605
1232102
2263837
2052719
2394916
1620271
1493018
1233543
1274707
1831223
1241371
2071102
1555784
2497238
1589737
1272325
2166103
2236165
1316991
1384154
1288445
1353652
