122100732
107201351
106022573
121463885
147304926
104087601
152810402
133896540
131228524
131661175
127188282
105278619
130041399
110419013
104605631
109850848
118359962
126565889
122100698
106577366
159841960
137224009
104243893
122123720
126767007
129461197
142293302
103237223
129588685
129894396
136417288
110165011
124708247
111071996
108833585
133065103
108195269
105659977
139806832
103590616
121302036
110551268
112549842
102774549
93242579
102743073
134718552
105365978
106024096
143956027
105242564
116231200
141397575
131380328
103588633
111471188
133923909
137436271
131971100
133622197
139138043
121444535
109679753
127546959
125920202
127933616
103168799
117374666
115847643
107811860
113724922
137085450
117345076
133078184
138757596
128833866
106853273
132358881
132650897
102680413
128701199
109594253
103445903
112222737
117388583
131790750
108676013
118541378
104490624
102212376
131751770
107552530
115337150
114026694
105135380
128180683
102568033
130367086
110683496
105900428
113484474
108797010
109911046
104597404
145322638
129962246
98888780
94346157
97044246
101950060
124192671
138043736
112516782
116739406
97524047
111724663
98739397
119418639
93946792
115196856
94857617
93387020
94977254
94603560
100746678
141609326
109299453
91592386
127301388
