24900141
26503544
22436582
22304995
22365722
22672741
23034907
23939469
23341340
22167055
22922429
21330454
23355448
22440734
22901434
20164866
35670851
27541665
31774217
23619010
22271889
26683175
23090765
26247930
22732027
22557102
21189573
22437828
23108108
21873705
32618853
26884777
22561258
22254806
22632629
22319368
22520412
24579696
22939122
26761810
22216260
23418488
23550942
22101082
23729529
20804243
23492740
23203514
22547865
22383331
22970539
36314299
23674828
23204937
23194778
23008613
21676728
22504935
21196153
27763911
21068152
23149097
22873693
22750907
23005400
22991778
38016091
24693526
19969571
23618439
23140424
23901690
23317763
22219936
23052780
23517853
30522943
24620692
22534948
22814444
22386050
22157743
24152400
22725976
41022986
23061507
22891826
22148719
42828510
22942746
22798511
22201496
23115253
23919791
24270678
22833125
23081835
21059353
27539927
20322999
23475530
22053386
