1114139679
1237431724
1331047635
1255949099
1219838420
1095649346
1147603731
1251685731
1092063929
1122031731
1123500994
1135784896
1118732492
1187384277
1186783616
1211840484
1151446109
1195975994
1132239418
1109341451
1272972116
1066237581
1245868189
1301945524
1125432206
1251549730
1111107728
1084984855
1261295211
1075712205
976898750
1012065683
1243310294
1220201790
1130134790
1260318344
1253949018
1246495067
1111349142
1103228241
1123838656
1001613037
1122420870
1063682842
1213158187
1103552245
1083503789
1120617023
1196815030
1113874501
993698872
1265235648
1279292322
1147236590
1082554694
1243922302
1234812795
1093363611
1020610366
1250998509
1307297748
1089425031
1241153660
1273365916
1265947925
1238687506
1274321369
970167292
1100811705
1010087086
1258595603
1230599075
1273430847
1073979443
1232563043
1078056389
1232522246
978293541
1254278329
1229912358
1018035871
1128816565
1059634484
1251929418
1101845399
1105362305
1207107578
1110114467
1101832986
1130868581
1021497223
1110486984
1094611553
1002073636
1072903405
1039192362
1238921318
1266874666
1024225091
1117020953
1127855958
1318092807
1103773912
1108603689
1070664437
1030826422
1115579503
1101980219
1023861019
1041858305
1076908445
989269307
1103108763
1253668385
1086209383
1093564788
1077645608
1059985868
1075502214
1056412277
1054503765
1088528980
1081343916
1124205285
1082975550
1087849104
1126535534
