3065382
4427935
5432727
2922440
4384944
3840315
2937194
4609377
3509404
3453701
2716438
3203421
4802754
3289830
3236193
3616066
2940402
2818708
4886648
3261291
8452849
4156592
2892595
2823752
3045676
4236536
3479956
4156349
2864060
3943212
4741097
5094679
2910185
2860467
2775954
2846845
3606353
6117110
2849329
3193999
6711726
2873203
3917174
2973079
3902614
4157134
3145145
3892796
4120277
2960127
2989069
3331010
2748942
2999878
3784161
2799971
3849535
4030596
3248635
2982047
2985102
3088974
5233381
3229388
2893693
6792142
2712656
4513059
2261027
3232880
3583570
4151305
2802187
2847884
3629983
4221220
3012161
4087427
3169841
2897589
2927252
3496177
3650709
4100144
2649952
2885088
4231724
2812199
3920888
5002172
3020725
4595138
3520224
3503810
3151402
4152927
4282625
3658251
3942991
2795088
3091396
2853015
