13167741531
13334158043
13221326826
14052790643
13999231024
14286343092
13423469078
14174629110
13659581514
12489100349
13205624403
13833207272
13932145999
13177689115
13646183888
13528141867
13589899534
14335716766
13619587416
13221435807
13373633051
13393244679
13787226394
13161866738
13419069017
13002094919
13496955795
12717535109
13341051739
13484739683
13553221275
12413990462
12707357563
13663019174
13255863889
13494845256
13270348544
12408554084
13096789574
12963174727
11986045332
12497191441
11779254538
11931914164
13321071429
12210420985
13494763627
14028304369
13627586961
12990997418
12888074845
13252586836
12904777584
12459319706
13701367549
12198841225
13067722791
12086948730
12993647545
12134609196
12512270213
12104479486
12667757732
13223162858
13294965179
12562800664
13337365586
12389791908
13560124244
12680167217
11534210766
13562684006
12371980180
12461204659
13498077470
13195185107
12127547541
12970479954
11969158407
14035542820
12998272501
12784403145
12379540686
12968434746
12849165370
12742097046
13786271763
13729803839
13916095252
12477743727
13506573681
13528742082
13356017992
13411085005
13139880416
13104075870
13925689629
12451953184
12377393753
13553485116
12956556043
13950876018
